[0m20:37:43.418751 [debug] [MainThread]: Sending event: {'category': 'dbt', 'action': 'invocation', 'label': 'start', 'context': [<snowplow_tracker.self_describing_json.SelfDescribingJson object at 0x7f28bf407e50>, <snowplow_tracker.self_describing_json.SelfDescribingJson object at 0x7f28c14e12a0>, <snowplow_tracker.self_describing_json.SelfDescribingJson object at 0x7f28c14e1300>]}


============================== 20:37:43.421851 | 6e64c822-7bd7-4d0c-a72c-9446d99a3aed ==============================
[0m20:37:43.421851 [info ] [MainThread]: Running with dbt=1.5.3
[0m20:37:43.422304 [debug] [MainThread]: running dbt with arguments {'printer_width': '80', 'indirect_selection': 'eager', 'write_json': 'True', 'log_cache_events': 'False', 'partial_parse': 'True', 'cache_selected_only': 'False', 'profiles_dir': '/home/lucasmendes/.dbt', 'fail_fast': 'False', 'warn_error': 'None', 'log_path': 'logs', 'debug': 'False', 'version_check': 'True', 'use_colors': 'True', 'use_experimental_parser': 'False', 'no_print': 'None', 'quiet': 'False', 'warn_error_options': 'WarnErrorOptions(include=[], exclude=[])', 'static_parser': 'True', 'introspect': 'True', 'log_format': 'default', 'target_path': 'None', 'send_anonymous_usage_stats': 'True'}
[0m20:37:43.422627 [warn ] [MainThread]: [ConfigFolderDirectory]: Unable to parse dict {'dir': PosixPath('/home/lucasmendes/.dbt')}
[0m20:37:43.422924 [info ] [MainThread]: Creating dbt configuration folder at 
[0m20:37:43.423795 [debug] [MainThread]: Starter project path: /home/lucasmendes/Documentos/projects/supermarket/supermarket/lib/python3.10/site-packages/dbt/include/starter_project
[0m20:38:02.427404 [info ] [MainThread]: Profile datalake written to /home/lucasmendes/.dbt/profiles.yml using target's sample configuration. Once updated, you'll be able to start developing with dbt.
[0m20:38:02.427992 [info ] [MainThread]: 
Your new dbt project "datalake" was created!

For more information on how to configure the profiles.yml file,
please consult the dbt documentation here:

  https://docs.getdbt.com/docs/configure-your-profile

One more thing:

Need help? Don't hesitate to reach out to us via GitHub issues or on Slack:

  https://community.getdbt.com/

Happy modeling!

[0m20:38:02.428693 [debug] [MainThread]: Command `dbt init` succeeded at 20:38:02.428569 after 19.01 seconds
[0m20:38:02.429019 [debug] [MainThread]: Sending event: {'category': 'dbt', 'action': 'invocation', 'label': 'end', 'context': [<snowplow_tracker.self_describing_json.SelfDescribingJson object at 0x7f28bf407e50>, <snowplow_tracker.self_describing_json.SelfDescribingJson object at 0x7f28c14e1300>, <snowplow_tracker.self_describing_json.SelfDescribingJson object at 0x7f28bf365a50>]}
[0m20:38:02.429365 [debug] [MainThread]: Flushing usage events
[0m20:41:50.960273 [debug] [MainThread]: Sending event: {'category': 'dbt', 'action': 'invocation', 'label': 'start', 'context': [<snowplow_tracker.self_describing_json.SelfDescribingJson object at 0x7f3fa45cfe50>, <snowplow_tracker.self_describing_json.SelfDescribingJson object at 0x7f3fa2ee8070>, <snowplow_tracker.self_describing_json.SelfDescribingJson object at 0x7f3fa2ee8160>]}


============================== 20:41:50.963379 | 050ff574-bcc6-484c-a762-d6551b510a3a ==============================
[0m20:41:50.963379 [info ] [MainThread]: Running with dbt=1.5.3
[0m20:41:50.964907 [debug] [MainThread]: running dbt with arguments {'printer_width': '80', 'indirect_selection': 'eager', 'log_cache_events': 'False', 'write_json': 'True', 'partial_parse': 'True', 'cache_selected_only': 'False', 'profiles_dir': '/home/lucasmendes/.dbt', 'fail_fast': 'False', 'version_check': 'True', 'log_path': 'logs', 'debug': 'False', 'warn_error': 'None', 'use_colors': 'True', 'use_experimental_parser': 'False', 'no_print': 'None', 'quiet': 'False', 'log_format': 'default', 'introspect': 'True', 'static_parser': 'True', 'warn_error_options': 'WarnErrorOptions(include=[], exclude=[])', 'target_path': 'None', 'send_anonymous_usage_stats': 'True'}
[0m20:41:50.965449 [info ] [MainThread]: dbt version: 1.5.3
[0m20:41:50.965833 [info ] [MainThread]: python version: 3.10.6
[0m20:41:50.966253 [info ] [MainThread]: python path: /home/lucasmendes/Documentos/projects/supermarket/supermarket/bin/python
[0m20:41:50.966748 [info ] [MainThread]: os info: Linux-5.19.0-46-generic-x86_64-with-glibc2.35
[0m20:41:50.967312 [info ] [MainThread]: Using profiles.yml file at /home/lucasmendes/.dbt/profiles.yml
[0m20:41:50.967807 [info ] [MainThread]: Using dbt_project.yml file at /home/lucasmendes/Documentos/projects/supermarket/dbt_project.yml
[0m20:41:50.968228 [info ] [MainThread]: Configuration:
[0m20:41:50.998456 [info ] [MainThread]:   profiles.yml file [[31mERROR invalid[0m]
[0m20:41:50.998927 [info ] [MainThread]:   dbt_project.yml file [[31mERROR not found[0m]
[0m20:41:50.999407 [info ] [MainThread]: Required dependencies:
[0m20:41:50.999911 [debug] [MainThread]: Executing "git --help"
[0m20:41:51.002959 [debug] [MainThread]: STDOUT: "b"usage: git [--version] [--help] [-C <path>] [-c <name>=<value>]\n           [--exec-path[=<path>]] [--html-path] [--man-path] [--info-path]\n           [-p | --paginate | -P | --no-pager] [--no-replace-objects] [--bare]\n           [--git-dir=<path>] [--work-tree=<path>] [--namespace=<name>]\n           [--super-prefix=<path>] [--config-env=<name>=<envvar>]\n           <command> [<args>]\n\nThese are common Git commands used in various situations:\n\nstart a working area (see also: git help tutorial)\n   clone     Clone a repository into a new directory\n   init      Create an empty Git repository or reinitialize an existing one\n\nwork on the current change (see also: git help everyday)\n   add       Add file contents to the index\n   mv        Move or rename a file, a directory, or a symlink\n   restore   Restore working tree files\n   rm        Remove files from the working tree and from the index\n\nexamine the history and state (see also: git help revisions)\n   bisect    Use binary search to find the commit that introduced a bug\n   diff      Show changes between commits, commit and working tree, etc\n   grep      Print lines matching a pattern\n   log       Show commit logs\n   show      Show various types of objects\n   status    Show the working tree status\n\ngrow, mark and tweak your common history\n   branch    List, create, or delete branches\n   commit    Record changes to the repository\n   merge     Join two or more development histories together\n   rebase    Reapply commits on top of another base tip\n   reset     Reset current HEAD to the specified state\n   switch    Switch branches\n   tag       Create, list, delete or verify a tag object signed with GPG\n\ncollaborate (see also: git help workflows)\n   fetch     Download objects and refs from another repository\n   pull      Fetch from and integrate with another repository or a local branch\n   push      Update remote refs along with associated objects\n\n'git help -a' and 'git help -g' list available subcommands and some\nconcept guides. See 'git help <command>' or 'git help <concept>'\nto read about a specific subcommand or concept.\nSee 'git help git' for an overview of the system.\n""
[0m20:41:51.003935 [debug] [MainThread]: STDERR: "b''"
[0m20:41:51.004221 [info ] [MainThread]:  - git [[32mOK found[0m]

[0m20:41:51.004527 [info ] [MainThread]: [31m2 checks failed:[0m
[0m20:41:51.004801 [info ] [MainThread]: Could not load dbt_project.yml

[0m20:41:51.005070 [info ] [MainThread]: Profile loading failed for the following reason:
Runtime Error
  Credentials in profile "datalake", target "prod" invalid: 'schema' is a required property


[0m20:41:51.005603 [debug] [MainThread]: Command `dbt debug` failed at 20:41:51.005517 after 0.05 seconds
[0m20:41:51.005896 [debug] [MainThread]: Sending event: {'category': 'dbt', 'action': 'invocation', 'label': 'end', 'context': [<snowplow_tracker.self_describing_json.SelfDescribingJson object at 0x7f3fa45cfe50>, <snowplow_tracker.self_describing_json.SelfDescribingJson object at 0x7f3fa2ee8790>, <snowplow_tracker.self_describing_json.SelfDescribingJson object at 0x7f3fa2dd7070>]}
[0m20:41:51.006207 [debug] [MainThread]: Flushing usage events
[0m20:42:37.541212 [debug] [MainThread]: Sending event: {'category': 'dbt', 'action': 'invocation', 'label': 'start', 'context': [<snowplow_tracker.self_describing_json.SelfDescribingJson object at 0x7f6f029ffe50>, <snowplow_tracker.self_describing_json.SelfDescribingJson object at 0x7f6f01118070>, <snowplow_tracker.self_describing_json.SelfDescribingJson object at 0x7f6f011180d0>]}


============================== 20:42:37.543650 | 66188c91-4b0b-407b-b85d-81aad5c4aa7f ==============================
[0m20:42:37.543650 [info ] [MainThread]: Running with dbt=1.5.3
[0m20:42:37.544136 [debug] [MainThread]: running dbt with arguments {'printer_width': '80', 'indirect_selection': 'eager', 'log_cache_events': 'False', 'write_json': 'True', 'partial_parse': 'True', 'cache_selected_only': 'False', 'warn_error': 'None', 'debug': 'False', 'profiles_dir': '/home/lucasmendes/.dbt', 'log_path': 'logs', 'fail_fast': 'False', 'version_check': 'True', 'use_colors': 'True', 'use_experimental_parser': 'False', 'no_print': 'None', 'quiet': 'False', 'log_format': 'default', 'static_parser': 'True', 'warn_error_options': 'WarnErrorOptions(include=[], exclude=[])', 'introspect': 'True', 'target_path': 'None', 'send_anonymous_usage_stats': 'True'}
[0m20:42:37.544564 [info ] [MainThread]: dbt version: 1.5.3
[0m20:42:37.544889 [info ] [MainThread]: python version: 3.10.6
[0m20:42:37.545179 [info ] [MainThread]: python path: /home/lucasmendes/Documentos/projects/supermarket/supermarket/bin/python
[0m20:42:37.545522 [info ] [MainThread]: os info: Linux-5.19.0-46-generic-x86_64-with-glibc2.35
[0m20:42:37.546948 [info ] [MainThread]: Using profiles.yml file at /home/lucasmendes/.dbt/profiles.yml
[0m20:42:37.547271 [info ] [MainThread]: Using dbt_project.yml file at /home/lucasmendes/Documentos/projects/supermarket/dbt_project.yml
[0m20:42:37.547652 [info ] [MainThread]: Configuration:
[0m20:42:37.582435 [info ] [MainThread]:   profiles.yml file [[31mERROR invalid[0m]
[0m20:42:37.582977 [info ] [MainThread]:   dbt_project.yml file [[31mERROR not found[0m]
[0m20:42:37.583453 [info ] [MainThread]: Required dependencies:
[0m20:42:37.583869 [debug] [MainThread]: Executing "git --help"
[0m20:42:37.585608 [debug] [MainThread]: STDOUT: "b"usage: git [--version] [--help] [-C <path>] [-c <name>=<value>]\n           [--exec-path[=<path>]] [--html-path] [--man-path] [--info-path]\n           [-p | --paginate | -P | --no-pager] [--no-replace-objects] [--bare]\n           [--git-dir=<path>] [--work-tree=<path>] [--namespace=<name>]\n           [--super-prefix=<path>] [--config-env=<name>=<envvar>]\n           <command> [<args>]\n\nThese are common Git commands used in various situations:\n\nstart a working area (see also: git help tutorial)\n   clone     Clone a repository into a new directory\n   init      Create an empty Git repository or reinitialize an existing one\n\nwork on the current change (see also: git help everyday)\n   add       Add file contents to the index\n   mv        Move or rename a file, a directory, or a symlink\n   restore   Restore working tree files\n   rm        Remove files from the working tree and from the index\n\nexamine the history and state (see also: git help revisions)\n   bisect    Use binary search to find the commit that introduced a bug\n   diff      Show changes between commits, commit and working tree, etc\n   grep      Print lines matching a pattern\n   log       Show commit logs\n   show      Show various types of objects\n   status    Show the working tree status\n\ngrow, mark and tweak your common history\n   branch    List, create, or delete branches\n   commit    Record changes to the repository\n   merge     Join two or more development histories together\n   rebase    Reapply commits on top of another base tip\n   reset     Reset current HEAD to the specified state\n   switch    Switch branches\n   tag       Create, list, delete or verify a tag object signed with GPG\n\ncollaborate (see also: git help workflows)\n   fetch     Download objects and refs from another repository\n   pull      Fetch from and integrate with another repository or a local branch\n   push      Update remote refs along with associated objects\n\n'git help -a' and 'git help -g' list available subcommands and some\nconcept guides. See 'git help <command>' or 'git help <concept>'\nto read about a specific subcommand or concept.\nSee 'git help git' for an overview of the system.\n""
[0m20:42:37.586052 [debug] [MainThread]: STDERR: "b''"
[0m20:42:37.586266 [info ] [MainThread]:  - git [[32mOK found[0m]

[0m20:42:37.586578 [info ] [MainThread]: [31m2 checks failed:[0m
[0m20:42:37.586912 [info ] [MainThread]: Could not load dbt_project.yml

[0m20:42:37.587226 [info ] [MainThread]: Profile loading failed for the following reason:
Runtime Error
  at path ['threads']: ['1 or more'] is not of type 'integer'


[0m20:42:37.587817 [debug] [MainThread]: Command `dbt debug` failed at 20:42:37.587703 after 0.05 seconds
[0m20:42:37.588218 [debug] [MainThread]: Sending event: {'category': 'dbt', 'action': 'invocation', 'label': 'end', 'context': [<snowplow_tracker.self_describing_json.SelfDescribingJson object at 0x7f6f029ffe50>, <snowplow_tracker.self_describing_json.SelfDescribingJson object at 0x7f6f01118130>, <snowplow_tracker.self_describing_json.SelfDescribingJson object at 0x7f6f00f907f0>]}
[0m20:42:37.588532 [debug] [MainThread]: Flushing usage events
[0m20:42:54.349679 [debug] [MainThread]: Sending event: {'category': 'dbt', 'action': 'invocation', 'label': 'start', 'context': [<snowplow_tracker.self_describing_json.SelfDescribingJson object at 0x7f90b2007e50>, <snowplow_tracker.self_describing_json.SelfDescribingJson object at 0x7f90b0920070>, <snowplow_tracker.self_describing_json.SelfDescribingJson object at 0x7f90b09200d0>]}


============================== 20:42:54.352374 | 3a167f67-1069-4d65-9e5a-f289501f71bc ==============================
[0m20:42:54.352374 [info ] [MainThread]: Running with dbt=1.5.3
[0m20:42:54.352817 [debug] [MainThread]: running dbt with arguments {'printer_width': '80', 'indirect_selection': 'eager', 'log_cache_events': 'False', 'write_json': 'True', 'partial_parse': 'True', 'cache_selected_only': 'False', 'warn_error': 'None', 'fail_fast': 'False', 'debug': 'False', 'log_path': 'logs', 'version_check': 'True', 'profiles_dir': '/home/lucasmendes/.dbt', 'use_colors': 'True', 'use_experimental_parser': 'False', 'no_print': 'None', 'quiet': 'False', 'warn_error_options': 'WarnErrorOptions(include=[], exclude=[])', 'introspect': 'True', 'static_parser': 'True', 'log_format': 'default', 'target_path': 'None', 'send_anonymous_usage_stats': 'True'}
[0m20:42:54.353327 [info ] [MainThread]: dbt version: 1.5.3
[0m20:42:54.353723 [info ] [MainThread]: python version: 3.10.6
[0m20:42:54.354162 [info ] [MainThread]: python path: /home/lucasmendes/Documentos/projects/supermarket/supermarket/bin/python
[0m20:42:54.355570 [info ] [MainThread]: os info: Linux-5.19.0-46-generic-x86_64-with-glibc2.35
[0m20:42:54.356028 [info ] [MainThread]: Using profiles.yml file at /home/lucasmendes/.dbt/profiles.yml
[0m20:42:54.356436 [info ] [MainThread]: Using dbt_project.yml file at /home/lucasmendes/Documentos/projects/supermarket/dbt_project.yml
[0m20:42:54.356842 [info ] [MainThread]: Configuration:
[0m20:42:54.393705 [info ] [MainThread]:   profiles.yml file [[32mOK found and valid[0m]
[0m20:42:54.394174 [info ] [MainThread]:   dbt_project.yml file [[31mERROR not found[0m]
[0m20:42:54.394633 [info ] [MainThread]: Required dependencies:
[0m20:42:54.395048 [debug] [MainThread]: Executing "git --help"
[0m20:42:54.398120 [debug] [MainThread]: STDOUT: "b"usage: git [--version] [--help] [-C <path>] [-c <name>=<value>]\n           [--exec-path[=<path>]] [--html-path] [--man-path] [--info-path]\n           [-p | --paginate | -P | --no-pager] [--no-replace-objects] [--bare]\n           [--git-dir=<path>] [--work-tree=<path>] [--namespace=<name>]\n           [--super-prefix=<path>] [--config-env=<name>=<envvar>]\n           <command> [<args>]\n\nThese are common Git commands used in various situations:\n\nstart a working area (see also: git help tutorial)\n   clone     Clone a repository into a new directory\n   init      Create an empty Git repository or reinitialize an existing one\n\nwork on the current change (see also: git help everyday)\n   add       Add file contents to the index\n   mv        Move or rename a file, a directory, or a symlink\n   restore   Restore working tree files\n   rm        Remove files from the working tree and from the index\n\nexamine the history and state (see also: git help revisions)\n   bisect    Use binary search to find the commit that introduced a bug\n   diff      Show changes between commits, commit and working tree, etc\n   grep      Print lines matching a pattern\n   log       Show commit logs\n   show      Show various types of objects\n   status    Show the working tree status\n\ngrow, mark and tweak your common history\n   branch    List, create, or delete branches\n   commit    Record changes to the repository\n   merge     Join two or more development histories together\n   rebase    Reapply commits on top of another base tip\n   reset     Reset current HEAD to the specified state\n   switch    Switch branches\n   tag       Create, list, delete or verify a tag object signed with GPG\n\ncollaborate (see also: git help workflows)\n   fetch     Download objects and refs from another repository\n   pull      Fetch from and integrate with another repository or a local branch\n   push      Update remote refs along with associated objects\n\n'git help -a' and 'git help -g' list available subcommands and some\nconcept guides. See 'git help <command>' or 'git help <concept>'\nto read about a specific subcommand or concept.\nSee 'git help git' for an overview of the system.\n""
[0m20:42:54.399075 [debug] [MainThread]: STDERR: "b''"
[0m20:42:54.399307 [info ] [MainThread]:  - git [[32mOK found[0m]

[0m20:42:54.399599 [info ] [MainThread]: Connection:
[0m20:42:54.399885 [info ] [MainThread]:   host: localhost
[0m20:42:54.400157 [info ] [MainThread]:   port: 5432
[0m20:42:54.400544 [info ] [MainThread]:   user: datalake
[0m20:42:54.401009 [info ] [MainThread]:   database: datalake
[0m20:42:54.401361 [info ] [MainThread]:   schema: staging
[0m20:42:54.401680 [info ] [MainThread]:   search_path: None
[0m20:42:54.401954 [info ] [MainThread]:   keepalives_idle: 0
[0m20:42:54.402237 [info ] [MainThread]:   sslmode: None
[0m20:42:54.402761 [info ] [MainThread]: Registered adapter: postgres=1.5.3
[0m20:42:54.403695 [debug] [MainThread]: Acquiring new postgres connection 'debug'
[0m20:42:54.404045 [debug] [MainThread]: Using postgres connection "debug"
[0m20:42:54.404278 [debug] [MainThread]: On debug: select 1 as id
[0m20:42:54.404502 [debug] [MainThread]: Opening a new connection, currently in state init
[0m20:42:54.412060 [debug] [MainThread]: SQL status: SELECT 1 in 0.0 seconds
[0m20:42:54.413351 [debug] [MainThread]: On debug: Close
[0m20:42:54.413793 [info ] [MainThread]:   Connection test: [[32mOK connection ok[0m]

[0m20:42:54.414375 [info ] [MainThread]: [31m1 check failed:[0m
[0m20:42:54.414853 [info ] [MainThread]: Could not load dbt_project.yml

[0m20:42:54.415626 [debug] [MainThread]: Command `dbt debug` failed at 20:42:54.415490 after 0.07 seconds
[0m20:42:54.416030 [debug] [MainThread]: Connection 'debug' was properly closed.
[0m20:42:54.416321 [debug] [MainThread]: Sending event: {'category': 'dbt', 'action': 'invocation', 'label': 'end', 'context': [<snowplow_tracker.self_describing_json.SelfDescribingJson object at 0x7f90b2007e50>, <snowplow_tracker.self_describing_json.SelfDescribingJson object at 0x7f90b07a3430>, <snowplow_tracker.self_describing_json.SelfDescribingJson object at 0x7f90b07a1f90>]}
[0m20:42:54.416622 [debug] [MainThread]: Flushing usage events
[0m20:44:25.728446 [debug] [MainThread]: Sending event: {'category': 'dbt', 'action': 'invocation', 'label': 'start', 'context': [<snowplow_tracker.self_describing_json.SelfDescribingJson object at 0x7fa1bf9ffe50>, <snowplow_tracker.self_describing_json.SelfDescribingJson object at 0x7fa1be118070>, <snowplow_tracker.self_describing_json.SelfDescribingJson object at 0x7fa1be1180d0>]}


============================== 20:44:25.730583 | f3b3d4ca-674e-4b61-97b2-ebeee44be9cf ==============================
[0m20:44:25.730583 [info ] [MainThread]: Running with dbt=1.5.3
[0m20:44:25.731045 [debug] [MainThread]: running dbt with arguments {'printer_width': '80', 'indirect_selection': 'eager', 'write_json': 'True', 'log_cache_events': 'False', 'partial_parse': 'True', 'cache_selected_only': 'False', 'profiles_dir': '/home/lucasmendes/.dbt', 'debug': 'False', 'warn_error': 'None', 'log_path': 'logs', 'version_check': 'True', 'fail_fast': 'False', 'use_colors': 'True', 'use_experimental_parser': 'False', 'no_print': 'None', 'quiet': 'False', 'log_format': 'default', 'introspect': 'True', 'static_parser': 'True', 'warn_error_options': 'WarnErrorOptions(include=[], exclude=[])', 'target_path': 'None', 'send_anonymous_usage_stats': 'True'}
[0m20:44:25.731484 [info ] [MainThread]: dbt version: 1.5.3
[0m20:44:25.731924 [info ] [MainThread]: python version: 3.10.6
[0m20:44:25.732240 [info ] [MainThread]: python path: /home/lucasmendes/Documentos/projects/supermarket/supermarket/bin/python
[0m20:44:25.733852 [info ] [MainThread]: os info: Linux-5.19.0-46-generic-x86_64-with-glibc2.35
[0m20:44:25.734175 [info ] [MainThread]: Using profiles.yml file at /home/lucasmendes/.dbt/profiles.yml
[0m20:44:25.734474 [info ] [MainThread]: Using dbt_project.yml file at /home/lucasmendes/Documentos/projects/supermarket/dbt_project.yml
[0m20:44:25.734753 [info ] [MainThread]: Configuration:
[0m20:44:25.773547 [info ] [MainThread]:   profiles.yml file [[32mOK found and valid[0m]
[0m20:44:25.774023 [info ] [MainThread]:   dbt_project.yml file [[31mERROR not found[0m]
[0m20:44:25.774334 [info ] [MainThread]: Required dependencies:
[0m20:44:25.774745 [debug] [MainThread]: Executing "git --help"
[0m20:44:25.776633 [debug] [MainThread]: STDOUT: "b"usage: git [--version] [--help] [-C <path>] [-c <name>=<value>]\n           [--exec-path[=<path>]] [--html-path] [--man-path] [--info-path]\n           [-p | --paginate | -P | --no-pager] [--no-replace-objects] [--bare]\n           [--git-dir=<path>] [--work-tree=<path>] [--namespace=<name>]\n           [--super-prefix=<path>] [--config-env=<name>=<envvar>]\n           <command> [<args>]\n\nThese are common Git commands used in various situations:\n\nstart a working area (see also: git help tutorial)\n   clone     Clone a repository into a new directory\n   init      Create an empty Git repository or reinitialize an existing one\n\nwork on the current change (see also: git help everyday)\n   add       Add file contents to the index\n   mv        Move or rename a file, a directory, or a symlink\n   restore   Restore working tree files\n   rm        Remove files from the working tree and from the index\n\nexamine the history and state (see also: git help revisions)\n   bisect    Use binary search to find the commit that introduced a bug\n   diff      Show changes between commits, commit and working tree, etc\n   grep      Print lines matching a pattern\n   log       Show commit logs\n   show      Show various types of objects\n   status    Show the working tree status\n\ngrow, mark and tweak your common history\n   branch    List, create, or delete branches\n   commit    Record changes to the repository\n   merge     Join two or more development histories together\n   rebase    Reapply commits on top of another base tip\n   reset     Reset current HEAD to the specified state\n   switch    Switch branches\n   tag       Create, list, delete or verify a tag object signed with GPG\n\ncollaborate (see also: git help workflows)\n   fetch     Download objects and refs from another repository\n   pull      Fetch from and integrate with another repository or a local branch\n   push      Update remote refs along with associated objects\n\n'git help -a' and 'git help -g' list available subcommands and some\nconcept guides. See 'git help <command>' or 'git help <concept>'\nto read about a specific subcommand or concept.\nSee 'git help git' for an overview of the system.\n""
[0m20:44:25.777460 [debug] [MainThread]: STDERR: "b''"
[0m20:44:25.777940 [info ] [MainThread]:  - git [[32mOK found[0m]

[0m20:44:25.778688 [info ] [MainThread]: Connection:
[0m20:44:25.779394 [info ] [MainThread]:   host: localhost
[0m20:44:25.780034 [info ] [MainThread]:   port: 5432
[0m20:44:25.780508 [info ] [MainThread]:   user: datalake
[0m20:44:25.780845 [info ] [MainThread]:   database: datalake
[0m20:44:25.781158 [info ] [MainThread]:   schema: staging
[0m20:44:25.781497 [info ] [MainThread]:   search_path: None
[0m20:44:25.781829 [info ] [MainThread]:   keepalives_idle: 0
[0m20:44:25.782160 [info ] [MainThread]:   sslmode: None
[0m20:44:25.782721 [info ] [MainThread]: Registered adapter: postgres=1.5.3
[0m20:44:25.783461 [debug] [MainThread]: Acquiring new postgres connection 'debug'
[0m20:44:25.783832 [debug] [MainThread]: Using postgres connection "debug"
[0m20:44:25.784070 [debug] [MainThread]: On debug: select 1 as id
[0m20:44:25.784386 [debug] [MainThread]: Opening a new connection, currently in state init
[0m20:44:25.790814 [debug] [MainThread]: SQL status: SELECT 1 in 0.0 seconds
[0m20:44:25.791981 [debug] [MainThread]: On debug: Close
[0m20:44:25.792499 [info ] [MainThread]:   Connection test: [[32mOK connection ok[0m]

[0m20:44:25.792845 [info ] [MainThread]: [31m1 check failed:[0m
[0m20:44:25.793255 [info ] [MainThread]: Could not load dbt_project.yml

[0m20:44:25.793953 [debug] [MainThread]: Command `dbt debug` failed at 20:44:25.793830 after 0.07 seconds
[0m20:44:25.794242 [debug] [MainThread]: Connection 'debug' was properly closed.
[0m20:44:25.794511 [debug] [MainThread]: Sending event: {'category': 'dbt', 'action': 'invocation', 'label': 'end', 'context': [<snowplow_tracker.self_describing_json.SelfDescribingJson object at 0x7fa1bf9ffe50>, <snowplow_tracker.self_describing_json.SelfDescribingJson object at 0x7fa1bdb00880>, <snowplow_tracker.self_describing_json.SelfDescribingJson object at 0x7fa1bdb03880>]}
[0m20:44:25.794868 [debug] [MainThread]: Flushing usage events
[0m20:45:35.512963 [debug] [MainThread]: Sending event: {'category': 'dbt', 'action': 'invocation', 'label': 'start', 'context': [<snowplow_tracker.self_describing_json.SelfDescribingJson object at 0x7fbdc0907e50>, <snowplow_tracker.self_describing_json.SelfDescribingJson object at 0x7fbdbf220070>, <snowplow_tracker.self_describing_json.SelfDescribingJson object at 0x7fbdbf2200d0>]}


============================== 20:45:35.516042 | 34c18cec-4e24-49fa-8df5-00c64010cff5 ==============================
[0m20:45:35.516042 [info ] [MainThread]: Running with dbt=1.5.3
[0m20:45:35.516511 [debug] [MainThread]: running dbt with arguments {'printer_width': '80', 'indirect_selection': 'eager', 'log_cache_events': 'False', 'write_json': 'True', 'partial_parse': 'True', 'cache_selected_only': 'False', 'profiles_dir': '/home/lucasmendes/.dbt', 'version_check': 'True', 'debug': 'False', 'log_path': 'logs', 'fail_fast': 'False', 'warn_error': 'None', 'use_colors': 'True', 'use_experimental_parser': 'False', 'no_print': 'None', 'quiet': 'False', 'warn_error_options': 'WarnErrorOptions(include=[], exclude=[])', 'static_parser': 'True', 'introspect': 'True', 'log_format': 'default', 'target_path': 'None', 'send_anonymous_usage_stats': 'True'}
[0m20:45:35.516878 [info ] [MainThread]: dbt version: 1.5.3
[0m20:45:35.517170 [info ] [MainThread]: python version: 3.10.6
[0m20:45:35.517474 [info ] [MainThread]: python path: /home/lucasmendes/Documentos/projects/supermarket/supermarket/bin/python
[0m20:45:35.518803 [info ] [MainThread]: os info: Linux-5.19.0-46-generic-x86_64-with-glibc2.35
[0m20:45:35.519121 [info ] [MainThread]: Using profiles.yml file at /home/lucasmendes/.dbt/profiles.yml
[0m20:45:35.519395 [info ] [MainThread]: Using dbt_project.yml file at /home/lucasmendes/Documentos/projects/supermarket/dbt_project.yml
[0m20:45:35.519672 [info ] [MainThread]: Configuration:
[0m20:45:35.557262 [info ] [MainThread]:   profiles.yml file [[32mOK found and valid[0m]
[0m20:45:35.557762 [info ] [MainThread]:   dbt_project.yml file [[31mERROR not found[0m]
[0m20:45:35.558181 [info ] [MainThread]: Required dependencies:
[0m20:45:35.558593 [debug] [MainThread]: Executing "git --help"
[0m20:45:35.561460 [debug] [MainThread]: STDOUT: "b"usage: git [--version] [--help] [-C <path>] [-c <name>=<value>]\n           [--exec-path[=<path>]] [--html-path] [--man-path] [--info-path]\n           [-p | --paginate | -P | --no-pager] [--no-replace-objects] [--bare]\n           [--git-dir=<path>] [--work-tree=<path>] [--namespace=<name>]\n           [--super-prefix=<path>] [--config-env=<name>=<envvar>]\n           <command> [<args>]\n\nThese are common Git commands used in various situations:\n\nstart a working area (see also: git help tutorial)\n   clone     Clone a repository into a new directory\n   init      Create an empty Git repository or reinitialize an existing one\n\nwork on the current change (see also: git help everyday)\n   add       Add file contents to the index\n   mv        Move or rename a file, a directory, or a symlink\n   restore   Restore working tree files\n   rm        Remove files from the working tree and from the index\n\nexamine the history and state (see also: git help revisions)\n   bisect    Use binary search to find the commit that introduced a bug\n   diff      Show changes between commits, commit and working tree, etc\n   grep      Print lines matching a pattern\n   log       Show commit logs\n   show      Show various types of objects\n   status    Show the working tree status\n\ngrow, mark and tweak your common history\n   branch    List, create, or delete branches\n   commit    Record changes to the repository\n   merge     Join two or more development histories together\n   rebase    Reapply commits on top of another base tip\n   reset     Reset current HEAD to the specified state\n   switch    Switch branches\n   tag       Create, list, delete or verify a tag object signed with GPG\n\ncollaborate (see also: git help workflows)\n   fetch     Download objects and refs from another repository\n   pull      Fetch from and integrate with another repository or a local branch\n   push      Update remote refs along with associated objects\n\n'git help -a' and 'git help -g' list available subcommands and some\nconcept guides. See 'git help <command>' or 'git help <concept>'\nto read about a specific subcommand or concept.\nSee 'git help git' for an overview of the system.\n""
[0m20:45:35.561939 [debug] [MainThread]: STDERR: "b''"
[0m20:45:35.562156 [info ] [MainThread]:  - git [[32mOK found[0m]

[0m20:45:35.562450 [info ] [MainThread]: Connection:
[0m20:45:35.562914 [info ] [MainThread]:   host: localhost
[0m20:45:35.563294 [info ] [MainThread]:   port: 5432
[0m20:45:35.563731 [info ] [MainThread]:   user: datalake
[0m20:45:35.564231 [info ] [MainThread]:   database: datalake
[0m20:45:35.564638 [info ] [MainThread]:   schema: staging
[0m20:45:35.564972 [info ] [MainThread]:   search_path: None
[0m20:45:35.565294 [info ] [MainThread]:   keepalives_idle: 0
[0m20:45:35.565662 [info ] [MainThread]:   sslmode: None
[0m20:45:35.566236 [info ] [MainThread]: Registered adapter: postgres=1.5.3
[0m20:45:35.566938 [debug] [MainThread]: Acquiring new postgres connection 'debug'
[0m20:45:35.567255 [debug] [MainThread]: Using postgres connection "debug"
[0m20:45:35.567470 [debug] [MainThread]: On debug: select 1 as id
[0m20:45:35.567675 [debug] [MainThread]: Opening a new connection, currently in state init
[0m20:45:35.574531 [debug] [MainThread]: SQL status: SELECT 1 in 0.0 seconds
[0m20:45:35.575499 [debug] [MainThread]: On debug: Close
[0m20:45:35.575948 [info ] [MainThread]:   Connection test: [[32mOK connection ok[0m]

[0m20:45:35.576398 [info ] [MainThread]: [31m1 check failed:[0m
[0m20:45:35.576831 [info ] [MainThread]: Could not load dbt_project.yml

[0m20:45:35.577673 [debug] [MainThread]: Command `dbt debug` failed at 20:45:35.577525 after 0.07 seconds
[0m20:45:35.578236 [debug] [MainThread]: Connection 'debug' was properly closed.
[0m20:45:35.578586 [debug] [MainThread]: Sending event: {'category': 'dbt', 'action': 'invocation', 'label': 'end', 'context': [<snowplow_tracker.self_describing_json.SelfDescribingJson object at 0x7fbdc0907e50>, <snowplow_tracker.self_describing_json.SelfDescribingJson object at 0x7fbdbec98280>, <snowplow_tracker.self_describing_json.SelfDescribingJson object at 0x7fbdbec99f90>]}
[0m20:45:35.578979 [debug] [MainThread]: Flushing usage events
[0m20:46:36.222196 [debug] [MainThread]: Sending event: {'category': 'dbt', 'action': 'invocation', 'label': 'start', 'context': [<snowplow_tracker.self_describing_json.SelfDescribingJson object at 0x7fa86c807e50>, <snowplow_tracker.self_describing_json.SelfDescribingJson object at 0x7fa86b120070>, <snowplow_tracker.self_describing_json.SelfDescribingJson object at 0x7fa86b1200d0>]}


============================== 20:46:36.225106 | a101474a-6604-416c-8b0f-064d1a7ec33d ==============================
[0m20:46:36.225106 [info ] [MainThread]: Running with dbt=1.5.3
[0m20:46:36.225571 [debug] [MainThread]: running dbt with arguments {'printer_width': '80', 'indirect_selection': 'eager', 'write_json': 'True', 'log_cache_events': 'False', 'partial_parse': 'True', 'cache_selected_only': 'False', 'profiles_dir': '/home/lucasmendes/.dbt', 'version_check': 'True', 'warn_error': 'None', 'log_path': 'logs', 'fail_fast': 'False', 'debug': 'False', 'use_colors': 'True', 'use_experimental_parser': 'False', 'no_print': 'None', 'quiet': 'False', 'warn_error_options': 'WarnErrorOptions(include=[], exclude=[])', 'static_parser': 'True', 'introspect': 'True', 'log_format': 'default', 'target_path': 'None', 'send_anonymous_usage_stats': 'True'}
[0m20:46:36.226030 [info ] [MainThread]: dbt version: 1.5.3
[0m20:46:36.226387 [info ] [MainThread]: python version: 3.10.6
[0m20:46:36.226681 [info ] [MainThread]: python path: /home/lucasmendes/Documentos/projects/supermarket/supermarket/bin/python
[0m20:46:36.228077 [info ] [MainThread]: os info: Linux-5.19.0-46-generic-x86_64-with-glibc2.35
[0m20:46:36.228453 [info ] [MainThread]: Using profiles.yml file at /home/lucasmendes/.dbt/profiles.yml
[0m20:46:36.228803 [info ] [MainThread]: Using dbt_project.yml file at /home/lucasmendes/Documentos/projects/supermarket/dbt_project.yml
[0m20:46:36.229131 [info ] [MainThread]: Configuration:
[0m20:46:36.263738 [info ] [MainThread]:   profiles.yml file [[32mOK found and valid[0m]
[0m20:46:36.264222 [info ] [MainThread]:   dbt_project.yml file [[31mERROR not found[0m]
[0m20:46:36.264623 [info ] [MainThread]: Required dependencies:
[0m20:46:36.265070 [debug] [MainThread]: Executing "git --help"
[0m20:46:36.268072 [debug] [MainThread]: STDOUT: "b"usage: git [--version] [--help] [-C <path>] [-c <name>=<value>]\n           [--exec-path[=<path>]] [--html-path] [--man-path] [--info-path]\n           [-p | --paginate | -P | --no-pager] [--no-replace-objects] [--bare]\n           [--git-dir=<path>] [--work-tree=<path>] [--namespace=<name>]\n           [--super-prefix=<path>] [--config-env=<name>=<envvar>]\n           <command> [<args>]\n\nThese are common Git commands used in various situations:\n\nstart a working area (see also: git help tutorial)\n   clone     Clone a repository into a new directory\n   init      Create an empty Git repository or reinitialize an existing one\n\nwork on the current change (see also: git help everyday)\n   add       Add file contents to the index\n   mv        Move or rename a file, a directory, or a symlink\n   restore   Restore working tree files\n   rm        Remove files from the working tree and from the index\n\nexamine the history and state (see also: git help revisions)\n   bisect    Use binary search to find the commit that introduced a bug\n   diff      Show changes between commits, commit and working tree, etc\n   grep      Print lines matching a pattern\n   log       Show commit logs\n   show      Show various types of objects\n   status    Show the working tree status\n\ngrow, mark and tweak your common history\n   branch    List, create, or delete branches\n   commit    Record changes to the repository\n   merge     Join two or more development histories together\n   rebase    Reapply commits on top of another base tip\n   reset     Reset current HEAD to the specified state\n   switch    Switch branches\n   tag       Create, list, delete or verify a tag object signed with GPG\n\ncollaborate (see also: git help workflows)\n   fetch     Download objects and refs from another repository\n   pull      Fetch from and integrate with another repository or a local branch\n   push      Update remote refs along with associated objects\n\n'git help -a' and 'git help -g' list available subcommands and some\nconcept guides. See 'git help <command>' or 'git help <concept>'\nto read about a specific subcommand or concept.\nSee 'git help git' for an overview of the system.\n""
[0m20:46:36.268485 [debug] [MainThread]: STDERR: "b''"
[0m20:46:36.268703 [info ] [MainThread]:  - git [[32mOK found[0m]

[0m20:46:36.269362 [info ] [MainThread]: Connection:
[0m20:46:36.269978 [info ] [MainThread]:   host: localhost
[0m20:46:36.270244 [info ] [MainThread]:   port: 5432
[0m20:46:36.270509 [info ] [MainThread]:   user: datalake
[0m20:46:36.270770 [info ] [MainThread]:   database: datalake
[0m20:46:36.271033 [info ] [MainThread]:   schema: staging
[0m20:46:36.271293 [info ] [MainThread]:   search_path: None
[0m20:46:36.271551 [info ] [MainThread]:   keepalives_idle: 0
[0m20:46:36.271812 [info ] [MainThread]:   sslmode: None
[0m20:46:36.272279 [info ] [MainThread]: Registered adapter: postgres=1.5.3
[0m20:46:36.272884 [debug] [MainThread]: Acquiring new postgres connection 'debug'
[0m20:46:36.273136 [debug] [MainThread]: Using postgres connection "debug"
[0m20:46:36.273352 [debug] [MainThread]: On debug: select 1 as id
[0m20:46:36.273582 [debug] [MainThread]: Opening a new connection, currently in state init
[0m20:46:36.281275 [debug] [MainThread]: SQL status: SELECT 1 in 0.0 seconds
[0m20:46:36.282378 [debug] [MainThread]: On debug: Close
[0m20:46:36.283013 [info ] [MainThread]:   Connection test: [[32mOK connection ok[0m]

[0m20:46:36.283412 [info ] [MainThread]: [31m1 check failed:[0m
[0m20:46:36.283795 [info ] [MainThread]: Could not load dbt_project.yml

[0m20:46:36.284479 [debug] [MainThread]: Command `dbt debug` failed at 20:46:36.284341 after 0.07 seconds
[0m20:46:36.284790 [debug] [MainThread]: Connection 'debug' was properly closed.
[0m20:46:36.285049 [debug] [MainThread]: Sending event: {'category': 'dbt', 'action': 'invocation', 'label': 'end', 'context': [<snowplow_tracker.self_describing_json.SelfDescribingJson object at 0x7fa86c807e50>, <snowplow_tracker.self_describing_json.SelfDescribingJson object at 0x7fa86af98880>, <snowplow_tracker.self_describing_json.SelfDescribingJson object at 0x7fa86af9b880>]}
[0m20:46:36.285346 [debug] [MainThread]: Flushing usage events
[0m20:48:26.439641 [debug] [MainThread]: Sending event: {'category': 'dbt', 'action': 'invocation', 'label': 'start', 'context': [<snowplow_tracker.self_describing_json.SelfDescribingJson object at 0x7f2a10fcfe50>, <snowplow_tracker.self_describing_json.SelfDescribingJson object at 0x7f2a0f8e8070>, <snowplow_tracker.self_describing_json.SelfDescribingJson object at 0x7f2a0f8e80d0>]}


============================== 20:48:26.442157 | f3ebc8f4-436a-486d-9a4c-abb5e4ba9f25 ==============================
[0m20:48:26.442157 [info ] [MainThread]: Running with dbt=1.5.3
[0m20:48:26.442686 [debug] [MainThread]: running dbt with arguments {'printer_width': '80', 'indirect_selection': 'eager', 'write_json': 'True', 'log_cache_events': 'False', 'partial_parse': 'True', 'cache_selected_only': 'False', 'profiles_dir': '/home/lucasmendes/.dbt', 'version_check': 'True', 'fail_fast': 'False', 'log_path': 'logs', 'debug': 'False', 'warn_error': 'None', 'use_colors': 'True', 'use_experimental_parser': 'False', 'no_print': 'None', 'quiet': 'False', 'log_format': 'default', 'introspect': 'True', 'static_parser': 'True', 'warn_error_options': 'WarnErrorOptions(include=[], exclude=[])', 'target_path': 'None', 'send_anonymous_usage_stats': 'True'}
[0m20:48:26.443101 [info ] [MainThread]: dbt version: 1.5.3
[0m20:48:26.443419 [info ] [MainThread]: python version: 3.10.6
[0m20:48:26.443720 [info ] [MainThread]: python path: /home/lucasmendes/Documentos/projects/supermarket/supermarket/bin/python
[0m20:48:26.445096 [info ] [MainThread]: os info: Linux-5.19.0-46-generic-x86_64-with-glibc2.35
[0m20:48:26.445501 [info ] [MainThread]: Using profiles.yml file at /home/lucasmendes/.dbt/profiles.yml
[0m20:48:26.445826 [info ] [MainThread]: Using dbt_project.yml file at /home/lucasmendes/Documentos/projects/supermarket/dbt_project.yml
[0m20:48:26.446118 [info ] [MainThread]: Configuration:
[0m20:48:26.486011 [info ] [MainThread]:   profiles.yml file [[32mOK found and valid[0m]
[0m20:48:26.486679 [info ] [MainThread]:   dbt_project.yml file [[31mERROR not found[0m]
[0m20:48:26.487261 [info ] [MainThread]: Required dependencies:
[0m20:48:26.487800 [debug] [MainThread]: Executing "git --help"
[0m20:48:26.489520 [debug] [MainThread]: STDOUT: "b"usage: git [--version] [--help] [-C <path>] [-c <name>=<value>]\n           [--exec-path[=<path>]] [--html-path] [--man-path] [--info-path]\n           [-p | --paginate | -P | --no-pager] [--no-replace-objects] [--bare]\n           [--git-dir=<path>] [--work-tree=<path>] [--namespace=<name>]\n           [--super-prefix=<path>] [--config-env=<name>=<envvar>]\n           <command> [<args>]\n\nThese are common Git commands used in various situations:\n\nstart a working area (see also: git help tutorial)\n   clone     Clone a repository into a new directory\n   init      Create an empty Git repository or reinitialize an existing one\n\nwork on the current change (see also: git help everyday)\n   add       Add file contents to the index\n   mv        Move or rename a file, a directory, or a symlink\n   restore   Restore working tree files\n   rm        Remove files from the working tree and from the index\n\nexamine the history and state (see also: git help revisions)\n   bisect    Use binary search to find the commit that introduced a bug\n   diff      Show changes between commits, commit and working tree, etc\n   grep      Print lines matching a pattern\n   log       Show commit logs\n   show      Show various types of objects\n   status    Show the working tree status\n\ngrow, mark and tweak your common history\n   branch    List, create, or delete branches\n   commit    Record changes to the repository\n   merge     Join two or more development histories together\n   rebase    Reapply commits on top of another base tip\n   reset     Reset current HEAD to the specified state\n   switch    Switch branches\n   tag       Create, list, delete or verify a tag object signed with GPG\n\ncollaborate (see also: git help workflows)\n   fetch     Download objects and refs from another repository\n   pull      Fetch from and integrate with another repository or a local branch\n   push      Update remote refs along with associated objects\n\n'git help -a' and 'git help -g' list available subcommands and some\nconcept guides. See 'git help <command>' or 'git help <concept>'\nto read about a specific subcommand or concept.\nSee 'git help git' for an overview of the system.\n""
[0m20:48:26.490199 [debug] [MainThread]: STDERR: "b''"
[0m20:48:26.490480 [info ] [MainThread]:  - git [[32mOK found[0m]

[0m20:48:26.490824 [info ] [MainThread]: Connection:
[0m20:48:26.491165 [info ] [MainThread]:   host: localhost
[0m20:48:26.491455 [info ] [MainThread]:   port: 5432
[0m20:48:26.491764 [info ] [MainThread]:   user: datalake
[0m20:48:26.492062 [info ] [MainThread]:   database: datalake
[0m20:48:26.492349 [info ] [MainThread]:   schema: staging
[0m20:48:26.492748 [info ] [MainThread]:   search_path: None
[0m20:48:26.493133 [info ] [MainThread]:   keepalives_idle: 0
[0m20:48:26.493403 [info ] [MainThread]:   sslmode: None
[0m20:48:26.494172 [info ] [MainThread]: Registered adapter: postgres=1.5.3
[0m20:48:26.494917 [debug] [MainThread]: Acquiring new postgres connection 'debug'
[0m20:48:26.495263 [debug] [MainThread]: Using postgres connection "debug"
[0m20:48:26.495523 [debug] [MainThread]: On debug: select 1 as id
[0m20:48:26.495745 [debug] [MainThread]: Opening a new connection, currently in state init
[0m20:48:26.504080 [debug] [MainThread]: SQL status: SELECT 1 in 0.0 seconds
[0m20:48:26.505357 [debug] [MainThread]: On debug: Close
[0m20:48:26.505933 [info ] [MainThread]:   Connection test: [[32mOK connection ok[0m]

[0m20:48:26.506381 [info ] [MainThread]: [31m1 check failed:[0m
[0m20:48:26.506823 [info ] [MainThread]: Could not load dbt_project.yml

[0m20:48:26.507458 [debug] [MainThread]: Command `dbt debug` failed at 20:48:26.507358 after 0.08 seconds
[0m20:48:26.507826 [debug] [MainThread]: Connection 'debug' was properly closed.
[0m20:48:26.508159 [debug] [MainThread]: Sending event: {'category': 'dbt', 'action': 'invocation', 'label': 'end', 'context': [<snowplow_tracker.self_describing_json.SelfDescribingJson object at 0x7f2a10fcfe50>, <snowplow_tracker.self_describing_json.SelfDescribingJson object at 0x7f2a0f7d3430>, <snowplow_tracker.self_describing_json.SelfDescribingJson object at 0x7f2a0f7d1f90>]}
[0m20:48:26.508621 [debug] [MainThread]: Flushing usage events
